<?xml version="1.0" encoding="UTF-8"?>
<testng-results ignored="0" total="1" passed="1" failed="0" skipped="0">
  <reporter-output>
  </reporter-output>
  <suite started-at="2023-04-27T15:33:04 IST" name="Default suite" finished-at="2023-04-27T15:33:32 IST" duration-ms="28178">
    <groups>
    </groups>
    <test started-at="2023-04-27T15:33:04 IST" name="Default test" finished-at="2023-04-27T15:33:32 IST" duration-ms="28178">
      <class name="newtest.testng.login">
        <test-method is-config="true" signature="Before()[pri:0, instance:newtest.testng.login@4803b726]" started-at="2023-04-27T15:33:04 IST" name="Before" finished-at="2023-04-27T15:33:18 IST" duration-ms="14144" status="PASS">
          <reporter-output>
          </reporter-output>
        </test-method> <!-- Before -->
        <test-method signature="TC_001()[pri:0, instance:newtest.testng.login@4803b726]" started-at="2023-04-27T15:33:18 IST" name="TC_001" finished-at="2023-04-27T15:33:32 IST" duration-ms="13771" status="PASS">
          <reporter-output>
          </reporter-output>
        </test-method> <!-- TC_001 -->
        <test-method is-config="true" signature="After()[pri:0, instance:newtest.testng.login@4803b726]" started-at="2023-04-27T15:33:32 IST" name="After" finished-at="2023-04-27T15:33:32 IST" duration-ms="191" status="PASS">
          <reporter-output>
          </reporter-output>
        </test-method> <!-- After -->
      </class> <!-- newtest.testng.login -->
    </test> <!-- Default test -->
  </suite> <!-- Default suite -->
</testng-results>
